2019-12-17 10:31:28 - PHP Warning:  mysqli::__construct(): (HY000/2002): No connection could be made because the target machine actively refused it.
 in C:\xampp\htdocs\ayeshahijab\upload\system\library\db\mysqli.php on line 7
2019-12-17 10:31:28 - PHP Warning:  DB\MySQLi::__construct(): Couldn't fetch mysqli in C:\xampp\htdocs\ayeshahijab\upload\system\library\db\mysqli.php on line 10
2019-12-17 10:31:28 - PHP Warning:  DB\MySQLi::__construct(): Couldn't fetch mysqli in C:\xampp\htdocs\ayeshahijab\upload\system\library\db\mysqli.php on line 10
2019-12-17 10:31:36 - PHP Warning:  mysqli::__construct(): (HY000/2002): No connection could be made because the target machine actively refused it.
 in C:\xampp\htdocs\ayeshahijab\upload\system\library\db\mysqli.php on line 7
2019-12-17 10:31:36 - PHP Warning:  DB\MySQLi::__construct(): Couldn't fetch mysqli in C:\xampp\htdocs\ayeshahijab\upload\system\library\db\mysqli.php on line 10
2019-12-17 10:31:36 - PHP Warning:  DB\MySQLi::__construct(): Couldn't fetch mysqli in C:\xampp\htdocs\ayeshahijab\upload\system\library\db\mysqli.php on line 10
2019-12-17 10:31:43 - PHP Warning:  mysqli::__construct(): (HY000/2002): No connection could be made because the target machine actively refused it.
 in C:\xampp\htdocs\ayeshahijab\upload\system\library\db\mysqli.php on line 7
2019-12-17 10:31:43 - PHP Warning:  DB\MySQLi::__construct(): Couldn't fetch mysqli in C:\xampp\htdocs\ayeshahijab\upload\system\library\db\mysqli.php on line 10
2019-12-17 10:31:43 - PHP Warning:  DB\MySQLi::__construct(): Couldn't fetch mysqli in C:\xampp\htdocs\ayeshahijab\upload\system\library\db\mysqli.php on line 10
2019-12-17 10:31:57 - PHP Warning:  mysqli::__construct(): (HY000/2002): No connection could be made because the target machine actively refused it.
 in C:\xampp\htdocs\ayeshahijab\upload\system\library\db\mysqli.php on line 7
2019-12-17 10:31:57 - PHP Warning:  DB\MySQLi::__construct(): Couldn't fetch mysqli in C:\xampp\htdocs\ayeshahijab\upload\system\library\db\mysqli.php on line 10
2019-12-17 10:31:57 - PHP Warning:  DB\MySQLi::__construct(): Couldn't fetch mysqli in C:\xampp\htdocs\ayeshahijab\upload\system\library\db\mysqli.php on line 10
2019-12-17 10:39:18 - PHP Notice:  Undefined index: sub_item_position2 in C:\xampp\htdocs\ayeshahijab\upload\admin\controller\extension\module\ocmegamenu.php on line 591
2019-12-17 10:39:18 - PHP Warning:  Invalid argument supplied for foreach() in C:\xampp\htdocs\ayeshahijab\upload\admin\controller\extension\module\ocmegamenu.php on line 593
2019-12-17 10:39:18 - PHP Notice:  Undefined index: sub_item_position3 in C:\xampp\htdocs\ayeshahijab\upload\admin\controller\extension\module\ocmegamenu.php on line 597
2019-12-17 10:39:18 - PHP Warning:  Invalid argument supplied for foreach() in C:\xampp\htdocs\ayeshahijab\upload\admin\controller\extension\module\ocmegamenu.php on line 599
2019-12-17 15:35:05 - PHP Warning:  mail(): Failed to connect to mailserver at &quot;localhost&quot; port 25, verify your &quot;SMTP&quot; and &quot;smtp_port&quot; setting in php.ini or use ini_set() in C:\xampp\htdocs\ayeshahijab\upload\system\library\mail\mail.php on line 77
2019-12-17 15:35:07 - PHP Warning:  mail(): Failed to connect to mailserver at &quot;localhost&quot; port 25, verify your &quot;SMTP&quot; and &quot;smtp_port&quot; setting in php.ini or use ini_set() in C:\xampp\htdocs\ayeshahijab\upload\system\library\mail\mail.php on line 77
2019-12-17 16:51:33 - PHP Notice:  Undefined index: sub_item_position2 in C:\xampp\htdocs\ayeshahijab\upload\admin\controller\extension\module\ocmegamenu.php on line 591
2019-12-17 16:51:33 - PHP Warning:  Invalid argument supplied for foreach() in C:\xampp\htdocs\ayeshahijab\upload\admin\controller\extension\module\ocmegamenu.php on line 593
2019-12-17 16:51:33 - PHP Notice:  Undefined index: sub_item_position3 in C:\xampp\htdocs\ayeshahijab\upload\admin\controller\extension\module\ocmegamenu.php on line 597
2019-12-17 16:51:33 - PHP Warning:  Invalid argument supplied for foreach() in C:\xampp\htdocs\ayeshahijab\upload\admin\controller\extension\module\ocmegamenu.php on line 599
2019-12-17 16:54:17 - PHP Notice:  Undefined index: sub_item_position2 in C:\xampp\htdocs\ayeshahijab\upload\admin\controller\extension\module\ocmegamenu.php on line 591
2019-12-17 16:54:17 - PHP Warning:  Invalid argument supplied for foreach() in C:\xampp\htdocs\ayeshahijab\upload\admin\controller\extension\module\ocmegamenu.php on line 593
2019-12-17 16:54:17 - PHP Notice:  Undefined index: sub_item_position3 in C:\xampp\htdocs\ayeshahijab\upload\admin\controller\extension\module\ocmegamenu.php on line 597
2019-12-17 16:54:17 - PHP Warning:  Invalid argument supplied for foreach() in C:\xampp\htdocs\ayeshahijab\upload\admin\controller\extension\module\ocmegamenu.php on line 599
2019-12-17 16:57:44 - PHP Notice:  Undefined index: sub_item_position2 in C:\xampp\htdocs\ayeshahijab\upload\admin\controller\extension\module\ocmegamenu.php on line 591
2019-12-17 16:57:44 - PHP Warning:  Invalid argument supplied for foreach() in C:\xampp\htdocs\ayeshahijab\upload\admin\controller\extension\module\ocmegamenu.php on line 593
2019-12-17 16:57:44 - PHP Notice:  Undefined index: sub_item_position3 in C:\xampp\htdocs\ayeshahijab\upload\admin\controller\extension\module\ocmegamenu.php on line 597
2019-12-17 16:57:44 - PHP Warning:  Invalid argument supplied for foreach() in C:\xampp\htdocs\ayeshahijab\upload\admin\controller\extension\module\ocmegamenu.php on line 599
2019-12-18 8:55:09 - PHP Warning:  mail(): Failed to connect to mailserver at &quot;localhost&quot; port 25, verify your &quot;SMTP&quot; and &quot;smtp_port&quot; setting in php.ini or use ini_set() in C:\xampp\htdocs\ayeshahijab\upload\system\library\mail\mail.php on line 77
2019-12-18 8:55:11 - PHP Warning:  mail(): Failed to connect to mailserver at &quot;localhost&quot; port 25, verify your &quot;SMTP&quot; and &quot;smtp_port&quot; setting in php.ini or use ini_set() in C:\xampp\htdocs\ayeshahijab\upload\system\library\mail\mail.php on line 77
2019-12-18 9:00:39 - PHP Warning:  mail(): Failed to connect to mailserver at &quot;localhost&quot; port 25, verify your &quot;SMTP&quot; and &quot;smtp_port&quot; setting in php.ini or use ini_set() in C:\xampp\htdocs\ayeshahijab\upload\system\library\mail\mail.php on line 77
2019-12-18 9:00:41 - PHP Warning:  mail(): Failed to connect to mailserver at &quot;localhost&quot; port 25, verify your &quot;SMTP&quot; and &quot;smtp_port&quot; setting in php.ini or use ini_set() in C:\xampp\htdocs\ayeshahijab\upload\system\library\mail\mail.php on line 77
2019-12-18 9:02:07 - PHP Warning:  mail(): Failed to connect to mailserver at &quot;localhost&quot; port 25, verify your &quot;SMTP&quot; and &quot;smtp_port&quot; setting in php.ini or use ini_set() in C:\xampp\htdocs\ayeshahijab\upload\system\library\mail\mail.php on line 77
2019-12-18 9:02:09 - PHP Warning:  mail(): Failed to connect to mailserver at &quot;localhost&quot; port 25, verify your &quot;SMTP&quot; and &quot;smtp_port&quot; setting in php.ini or use ini_set() in C:\xampp\htdocs\ayeshahijab\upload\system\library\mail\mail.php on line 77
2019-12-18 9:02:14 - PHP Warning:  mail(): Failed to connect to mailserver at &quot;localhost&quot; port 25, verify your &quot;SMTP&quot; and &quot;smtp_port&quot; setting in php.ini or use ini_set() in C:\xampp\htdocs\ayeshahijab\upload\system\library\mail\mail.php on line 77
2019-12-18 9:02:16 - PHP Warning:  mail(): Failed to connect to mailserver at &quot;localhost&quot; port 25, verify your &quot;SMTP&quot; and &quot;smtp_port&quot; setting in php.ini or use ini_set() in C:\xampp\htdocs\ayeshahijab\upload\system\library\mail\mail.php on line 77
2019-12-18 9:02:21 - PHP Warning:  mail(): Failed to connect to mailserver at &quot;localhost&quot; port 25, verify your &quot;SMTP&quot; and &quot;smtp_port&quot; setting in php.ini or use ini_set() in C:\xampp\htdocs\ayeshahijab\upload\system\library\mail\mail.php on line 77
2019-12-18 9:02:23 - PHP Warning:  mail(): Failed to connect to mailserver at &quot;localhost&quot; port 25, verify your &quot;SMTP&quot; and &quot;smtp_port&quot; setting in php.ini or use ini_set() in C:\xampp\htdocs\ayeshahijab\upload\system\library\mail\mail.php on line 77
2019-12-18 9:02:32 - PHP Warning:  mail(): Failed to connect to mailserver at &quot;localhost&quot; port 25, verify your &quot;SMTP&quot; and &quot;smtp_port&quot; setting in php.ini or use ini_set() in C:\xampp\htdocs\ayeshahijab\upload\system\library\mail\mail.php on line 77
2019-12-18 9:02:34 - PHP Warning:  mail(): Failed to connect to mailserver at &quot;localhost&quot; port 25, verify your &quot;SMTP&quot; and &quot;smtp_port&quot; setting in php.ini or use ini_set() in C:\xampp\htdocs\ayeshahijab\upload\system\library\mail\mail.php on line 77
2019-12-18 9:06:28 - PHP Warning:  mail(): Failed to connect to mailserver at &quot;localhost&quot; port 25, verify your &quot;SMTP&quot; and &quot;smtp_port&quot; setting in php.ini or use ini_set() in C:\xampp\htdocs\ayeshahijab\upload\system\library\mail\mail.php on line 77
2019-12-18 9:21:28 - PHP Warning:  A non-numeric value encountered in C:\xampp\htdocs\ayeshahijab\upload\admin\controller\sale\order.php on line 1799
2019-12-18 9:48:02 - PHP Warning:  mail(): Failed to connect to mailserver at &quot;localhost&quot; port 25, verify your &quot;SMTP&quot; and &quot;smtp_port&quot; setting in php.ini or use ini_set() in C:\xampp\htdocs\ayeshahijab\upload\system\library\mail\mail.php on line 77
2019-12-18 10:16:21 - PHP Warning:  mail(): Failed to connect to mailserver at &quot;localhost&quot; port 25, verify your &quot;SMTP&quot; and &quot;smtp_port&quot; setting in php.ini or use ini_set() in C:\xampp\htdocs\ayeshahijab\upload\system\library\mail\mail.php on line 77
2019-12-18 10:16:23 - PHP Warning:  mail(): Failed to connect to mailserver at &quot;localhost&quot; port 25, verify your &quot;SMTP&quot; and &quot;smtp_port&quot; setting in php.ini or use ini_set() in C:\xampp\htdocs\ayeshahijab\upload\system\library\mail\mail.php on line 77
2019-12-18 10:23:08 - PHP Warning:  A non-numeric value encountered in C:\xampp\htdocs\ayeshahijab\upload\admin\controller\sale\order.php on line 1799
